[ 2016-11-02T13:42:03+08:00 ] 127.0.0.1 /
INFO: [ app_init ] --START--
INFO: Run Behavior\BuildLiteBehavior [ RunTime:0.000000s ]
INFO: [ app_init ] --END-- [ RunTime:0.001000s ]
INFO: [ app_begin ] --START--
INFO: Run Behavior\ReadHtmlCacheBehavior [ RunTime:0.001000s ]
INFO: [ app_begin ] --END-- [ RunTime:0.001000s ]
SQL: SHOW COLUMNS FROM `hyclub` [ RunTime:0.0280s ]
SQL: select HyNumber,StockLockedMoney,StockBurse,hylevel1,HyName,chijiang1,  (ALeftPoints+AUsedPoints) as aall, (BLeftPoints+BUsedPoints) as ball,chijiang2, HyJoinInvest1,ALeftPersonNums,bLeftPersonNums,iswuliu,BUsedPoints,hytjnumber,CUsedPoints,ALeftPoints,bLeftPoints,AUsedPoints,baodanfei,StockLockedMoney,StockNum ,aixinjijin,chijiang3, ApprovedTime,chongxiao,ewallet3,HyJoinInvest,qixian,lastqixian,fenhong,zongjiangjin,chijiang2,ewallet3, eWallet1,hylevel2,eWallet2,HyNumber from HyClub  where  id = 7 [ RunTime:0.0480s ]
SQL: SHOW COLUMNS FROM `notice` [ RunTime:0.0070s ]
SQL: SELECT * FROM `notice`  [ RunTime:0.0010s ]

[ 2016-11-02T13:42:46+08:00 ] 127.0.0.1 /
INFO: [ app_init ] --START--
INFO: Run Behavior\BuildLiteBehavior [ RunTime:0.000000s ]
INFO: [ app_init ] --END-- [ RunTime:0.001000s ]
INFO: [ app_begin ] --START--
INFO: Run Behavior\ReadHtmlCacheBehavior [ RunTime:0.001000s ]
INFO: [ app_begin ] --END-- [ RunTime:0.001000s ]
SQL: SHOW COLUMNS FROM `hyclub` [ RunTime:0.0110s ]
SQL: select HyNumber,StockLockedMoney,StockBurse,hylevel1,HyName,chijiang1,  (ALeftPoints+AUsedPoints) as aall, (BLeftPoints+BUsedPoints) as ball,chijiang2, HyJoinInvest1,ALeftPersonNums,bLeftPersonNums,iswuliu,BUsedPoints,hytjnumber,CUsedPoints,ALeftPoints,bLeftPoints,AUsedPoints,baodanfei,StockLockedMoney,StockNum ,aixinjijin,chijiang3, ApprovedTime,chongxiao,ewallet3,HyJoinInvest,qixian,lastqixian,fenhong,zongjiangjin,chijiang2,ewallet3, eWallet1,hylevel2,eWallet2,HyNumber from HyClub  where  id = 7 [ RunTime:0.0010s ]
SQL: SHOW COLUMNS FROM `notice` [ RunTime:0.0070s ]
SQL: SELECT * FROM `notice`  [ RunTime:0.0000s ]

[ 2016-11-02T13:42:54+08:00 ] 127.0.0.1 /
INFO: [ app_init ] --START--
INFO: Run Behavior\BuildLiteBehavior [ RunTime:0.000000s ]
INFO: [ app_init ] --END-- [ RunTime:0.000000s ]
INFO: [ app_begin ] --START--
INFO: Run Behavior\ReadHtmlCacheBehavior [ RunTime:0.000000s ]
INFO: [ app_begin ] --END-- [ RunTime:0.000000s ]
SQL: SHOW COLUMNS FROM `hyclub` [ RunTime:0.0090s ]
SQL: select HyNumber,StockLockedMoney,StockBurse,hylevel1,HyName,chijiang1,  (ALeftPoints+AUsedPoints) as aall, (BLeftPoints+BUsedPoints) as ball,chijiang2, HyJoinInvest1,ALeftPersonNums,bLeftPersonNums,iswuliu,BUsedPoints,hytjnumber,CUsedPoints,ALeftPoints,bLeftPoints,AUsedPoints,baodanfei,StockLockedMoney,StockNum ,aixinjijin,chijiang3, ApprovedTime,chongxiao,ewallet3,HyJoinInvest,qixian,lastqixian,fenhong,zongjiangjin,chijiang2,ewallet3, eWallet1,hylevel2,eWallet2,HyNumber from HyClub  where  id = 7 [ RunTime:0.0010s ]
SQL: SHOW COLUMNS FROM `notice` [ RunTime:0.0060s ]
SQL: SELECT * FROM `notice`  [ RunTime:0.0010s ]

[ 2016-11-02T13:43:03+08:00 ] 127.0.0.1 /
INFO: [ app_init ] --START--
INFO: Run Behavior\BuildLiteBehavior [ RunTime:0.000000s ]
INFO: [ app_init ] --END-- [ RunTime:0.001000s ]
INFO: [ app_begin ] --START--
INFO: Run Behavior\ReadHtmlCacheBehavior [ RunTime:0.002000s ]
INFO: [ app_begin ] --END-- [ RunTime:0.003001s ]
SQL: SHOW COLUMNS FROM `hyclub` [ RunTime:0.0080s ]
SQL: select HyNumber,StockLockedMoney,StockBurse,hylevel1,HyName,chijiang1,  (ALeftPoints+AUsedPoints) as aall, (BLeftPoints+BUsedPoints) as ball,chijiang2, HyJoinInvest1,ALeftPersonNums,bLeftPersonNums,iswuliu,BUsedPoints,hytjnumber,CUsedPoints,ALeftPoints,bLeftPoints,AUsedPoints,baodanfei,StockLockedMoney,StockNum ,aixinjijin,chijiang3, ApprovedTime,chongxiao,ewallet3,HyJoinInvest,qixian,lastqixian,fenhong,zongjiangjin,chijiang2,ewallet3, eWallet1,hylevel2,eWallet2,HyNumber from HyClub  where  id = 7 [ RunTime:0.0010s ]
SQL: SHOW COLUMNS FROM `notice` [ RunTime:0.0040s ]
SQL: SELECT * FROM `notice`  [ RunTime:0.0000s ]

[ 2016-11-02T13:47:00+08:00 ] 127.0.0.1 /
INFO: [ app_init ] --START--
INFO: Run Behavior\BuildLiteBehavior [ RunTime:0.000000s ]
INFO: [ app_init ] --END-- [ RunTime:0.001001s ]
INFO: [ app_begin ] --START--
INFO: Run Behavior\ReadHtmlCacheBehavior [ RunTime:0.001000s ]
INFO: [ app_begin ] --END-- [ RunTime:0.001000s ]
SQL: SHOW COLUMNS FROM `hyclub` [ RunTime:0.0070s ]
SQL: select HyNumber,StockLockedMoney,StockBurse,hylevel1,HyName,chijiang1,  (ALeftPoints+AUsedPoints) as aall, (BLeftPoints+BUsedPoints) as ball,chijiang2, HyJoinInvest1,ALeftPersonNums,bLeftPersonNums,iswuliu,BUsedPoints,hytjnumber,CUsedPoints,ALeftPoints,bLeftPoints,AUsedPoints,baodanfei,StockLockedMoney,StockNum ,aixinjijin,chijiang3, ApprovedTime,chongxiao,ewallet3,HyJoinInvest,qixian,lastqixian,fenhong,zongjiangjin,chijiang2,ewallet3, eWallet1,hylevel2,eWallet2,HyNumber from HyClub  where  id = 7 [ RunTime:0.0010s ]
SQL: SHOW COLUMNS FROM `notice` [ RunTime:0.0060s ]
SQL: SELECT * FROM `notice`  [ RunTime:0.0010s ]
INFO: [ view_parse ] --START--
INFO: [ template_filter ] --START--
INFO: Run Behavior\ContentReplaceBehavior [ RunTime:0.000000s ]
INFO: [ template_filter ] --END-- [ RunTime:0.000000s ]
INFO: Run Behavior\ParseTemplateBehavior [ RunTime:0.016000s ]
INFO: [ view_parse ] --END-- [ RunTime:0.016000s ]
INFO: [ view_filter ] --START--
INFO: Run Behavior\WriteHtmlCacheBehavior [ RunTime:0.001001s ]
INFO: [ view_filter ] --END-- [ RunTime:0.001001s ]
INFO: [ app_end ] --START--
INFO: Run Behavior\ShowPageTraceBehavior [ RunTime:0.000000s ]
INFO: [ app_end ] --END-- [ RunTime:0.000000s ]

[ 2016-11-02T13:47:43+08:00 ] 127.0.0.1 /
INFO: [ app_init ] --START--
INFO: Run Behavior\BuildLiteBehavior [ RunTime:0.000000s ]
INFO: [ app_init ] --END-- [ RunTime:0.000000s ]
INFO: [ app_begin ] --START--
INFO: Run Behavior\ReadHtmlCacheBehavior [ RunTime:0.000000s ]
INFO: [ app_begin ] --END-- [ RunTime:0.001000s ]
SQL: SHOW COLUMNS FROM `hyclub` [ RunTime:0.0080s ]
SQL: select HyNumber,StockLockedMoney,StockBurse,hylevel1,HyName,chijiang1,  (ALeftPoints+AUsedPoints) as aall, (BLeftPoints+BUsedPoints) as ball,chijiang2, HyJoinInvest1,ALeftPersonNums,bLeftPersonNums,iswuliu,BUsedPoints,hytjnumber,CUsedPoints,ALeftPoints,bLeftPoints,AUsedPoints,baodanfei,StockLockedMoney,StockNum ,aixinjijin,chijiang3, ApprovedTime,chongxiao,ewallet3,HyJoinInvest,qixian,lastqixian,fenhong,zongjiangjin,chijiang2,ewallet3, eWallet1,hylevel2,eWallet2,HyNumber from HyClub  where  id = 7 [ RunTime:0.0010s ]
SQL: SHOW COLUMNS FROM `notice` [ RunTime:0.0060s ]
SQL: SELECT * FROM `notice`  [ RunTime:0.0010s ]
INFO: [ view_parse ] --START--
INFO: [ template_filter ] --START--
INFO: Run Behavior\ContentReplaceBehavior [ RunTime:0.001000s ]
INFO: [ template_filter ] --END-- [ RunTime:0.001000s ]
INFO: Run Behavior\ParseTemplateBehavior [ RunTime:0.009000s ]
INFO: [ view_parse ] --END-- [ RunTime:0.009000s ]
INFO: [ view_filter ] --START--
INFO: Run Behavior\WriteHtmlCacheBehavior [ RunTime:0.000000s ]
INFO: [ view_filter ] --END-- [ RunTime:0.000000s ]
INFO: [ app_end ] --START--
INFO: Run Behavior\ShowPageTraceBehavior [ RunTime:0.001000s ]
INFO: [ app_end ] --END-- [ RunTime:0.001000s ]

[ 2016-11-02T13:48:08+08:00 ] 127.0.0.1 /
INFO: [ app_init ] --START--
INFO: Run Behavior\BuildLiteBehavior [ RunTime:0.000000s ]
INFO: [ app_init ] --END-- [ RunTime:0.000000s ]
INFO: [ app_begin ] --START--
INFO: Run Behavior\ReadHtmlCacheBehavior [ RunTime:0.000000s ]
INFO: [ app_begin ] --END-- [ RunTime:0.000000s ]
SQL: SHOW COLUMNS FROM `hyclub` [ RunTime:0.0090s ]
SQL: select HyNumber,StockLockedMoney,StockBurse,hylevel1,HyName,chijiang1,  (ALeftPoints+AUsedPoints) as aall, (BLeftPoints+BUsedPoints) as ball,chijiang2, HyJoinInvest1,ALeftPersonNums,bLeftPersonNums,iswuliu,BUsedPoints,hytjnumber,CUsedPoints,ALeftPoints,bLeftPoints,AUsedPoints,baodanfei,StockLockedMoney,StockNum ,aixinjijin,chijiang3, ApprovedTime,chongxiao,ewallet3,HyJoinInvest,qixian,lastqixian,fenhong,zongjiangjin,chijiang2,ewallet3, eWallet1,hylevel2,eWallet2,HyNumber from HyClub  where  id = 7 [ RunTime:0.0010s ]
SQL: SHOW COLUMNS FROM `notice` [ RunTime:0.0060s ]
SQL: SELECT * FROM `notice`  [ RunTime:0.0010s ]
INFO: [ view_parse ] --START--
INFO: [ template_filter ] --START--
INFO: Run Behavior\ContentReplaceBehavior [ RunTime:0.000000s ]
INFO: [ template_filter ] --END-- [ RunTime:0.000000s ]
INFO: Run Behavior\ParseTemplateBehavior [ RunTime:0.009001s ]
INFO: [ view_parse ] --END-- [ RunTime:0.009001s ]
INFO: [ view_filter ] --START--
INFO: Run Behavior\WriteHtmlCacheBehavior [ RunTime:0.000000s ]
INFO: [ view_filter ] --END-- [ RunTime:0.000000s ]
INFO: [ app_end ] --START--
INFO: Run Behavior\ShowPageTraceBehavior [ RunTime:0.001000s ]
INFO: [ app_end ] --END-- [ RunTime:0.001000s ]

[ 2016-11-02T13:49:59+08:00 ] 127.0.0.1 /
INFO: [ app_init ] --START--
INFO: Run Behavior\BuildLiteBehavior [ RunTime:0.000000s ]
INFO: [ app_init ] --END-- [ RunTime:0.000000s ]
INFO: [ app_begin ] --START--
INFO: Run Behavior\ReadHtmlCacheBehavior [ RunTime:0.001000s ]
INFO: [ app_begin ] --END-- [ RunTime:0.001000s ]
SQL: SHOW COLUMNS FROM `hyclub` [ RunTime:0.0090s ]
SQL: select HyNumber,StockLockedMoney,StockBurse,hylevel1,HyName,chijiang1,  (ALeftPoints+AUsedPoints) as aall, (BLeftPoints+BUsedPoints) as ball,chijiang2, HyJoinInvest1,ALeftPersonNums,bLeftPersonNums,iswuliu,BUsedPoints,hytjnumber,CUsedPoints,ALeftPoints,bLeftPoints,AUsedPoints,baodanfei,StockLockedMoney,StockNum ,aixinjijin,chijiang3, ApprovedTime,chongxiao,ewallet3,HyJoinInvest,qixian,lastqixian,fenhong,zongjiangjin,chijiang2,ewallet3, eWallet1,hylevel2,eWallet2,HyNumber from HyClub  where  id = 7 [ RunTime:0.0010s ]
SQL: SHOW COLUMNS FROM `notice` [ RunTime:0.0060s ]
SQL: SELECT * FROM `notice`  [ RunTime:0.0010s ]
INFO: [ view_parse ] --START--
INFO: [ template_filter ] --START--
INFO: Run Behavior\ContentReplaceBehavior [ RunTime:0.000000s ]
INFO: [ template_filter ] --END-- [ RunTime:0.000000s ]
INFO: Run Behavior\ParseTemplateBehavior [ RunTime:0.019001s ]
INFO: [ view_parse ] --END-- [ RunTime:0.019001s ]
INFO: [ view_filter ] --START--
INFO: Run Behavior\WriteHtmlCacheBehavior [ RunTime:0.000000s ]
INFO: [ view_filter ] --END-- [ RunTime:0.000000s ]
INFO: [ app_end ] --START--
INFO: Run Behavior\ShowPageTraceBehavior [ RunTime:0.001000s ]
INFO: [ app_end ] --END-- [ RunTime:0.001000s ]

[ 2016-11-02T13:50:10+08:00 ] 127.0.0.1 /
INFO: [ app_init ] --START--
INFO: Run Behavior\BuildLiteBehavior [ RunTime:0.000000s ]
INFO: [ app_init ] --END-- [ RunTime:0.001000s ]
INFO: [ app_begin ] --START--
INFO: Run Behavior\ReadHtmlCacheBehavior [ RunTime:0.001000s ]
INFO: [ app_begin ] --END-- [ RunTime:0.001000s ]
SQL: SHOW COLUMNS FROM `hyclub` [ RunTime:0.0090s ]
SQL: select HyNumber,StockLockedMoney,StockBurse,hylevel1,HyName,chijiang1,  (ALeftPoints+AUsedPoints) as aall, (BLeftPoints+BUsedPoints) as ball,chijiang2, HyJoinInvest1,ALeftPersonNums,bLeftPersonNums,iswuliu,BUsedPoints,hytjnumber,CUsedPoints,ALeftPoints,bLeftPoints,AUsedPoints,baodanfei,StockLockedMoney,StockNum ,aixinjijin,chijiang3, ApprovedTime,chongxiao,ewallet3,HyJoinInvest,qixian,lastqixian,fenhong,zongjiangjin,chijiang2,ewallet3, eWallet1,hylevel2,eWallet2,HyNumber from HyClub  where  id = 7 [ RunTime:0.0010s ]
SQL: SHOW COLUMNS FROM `notice` [ RunTime:0.0060s ]
SQL: SELECT * FROM `notice`  [ RunTime:0.0010s ]
INFO: [ view_parse ] --START--
INFO: [ template_filter ] --START--
INFO: Run Behavior\ContentReplaceBehavior [ RunTime:0.000000s ]
INFO: [ template_filter ] --END-- [ RunTime:0.000000s ]
INFO: Run Behavior\ParseTemplateBehavior [ RunTime:0.010001s ]
INFO: [ view_parse ] --END-- [ RunTime:0.010001s ]
INFO: [ view_filter ] --START--
INFO: Run Behavior\WriteHtmlCacheBehavior [ RunTime:0.000000s ]
INFO: [ view_filter ] --END-- [ RunTime:0.001000s ]
INFO: [ app_end ] --START--
INFO: Run Behavior\ShowPageTraceBehavior [ RunTime:0.000000s ]
INFO: [ app_end ] --END-- [ RunTime:0.000000s ]

[ 2016-11-02T13:50:29+08:00 ] 127.0.0.1 /
INFO: [ app_init ] --START--
INFO: Run Behavior\BuildLiteBehavior [ RunTime:0.000000s ]
INFO: [ app_init ] --END-- [ RunTime:0.001000s ]
INFO: [ app_begin ] --START--
INFO: Run Behavior\ReadHtmlCacheBehavior [ RunTime:0.000000s ]
INFO: [ app_begin ] --END-- [ RunTime:0.000000s ]
SQL: SHOW COLUMNS FROM `hyclub` [ RunTime:0.0160s ]
SQL: select HyNumber,StockLockedMoney,StockBurse,hylevel1,HyName,chijiang1,  (ALeftPoints+AUsedPoints) as aall, (BLeftPoints+BUsedPoints) as ball,chijiang2, HyJoinInvest1,ALeftPersonNums,bLeftPersonNums,iswuliu,BUsedPoints,hytjnumber,CUsedPoints,ALeftPoints,bLeftPoints,AUsedPoints,baodanfei,StockLockedMoney,StockNum ,aixinjijin,chijiang3, ApprovedTime,chongxiao,ewallet3,HyJoinInvest,qixian,lastqixian,fenhong,zongjiangjin,chijiang2,ewallet3, eWallet1,hylevel2,eWallet2,HyNumber from HyClub  where  id = 7 [ RunTime:0.0010s ]
SQL: SHOW COLUMNS FROM `notice` [ RunTime:0.0090s ]
SQL: SELECT * FROM `notice`  [ RunTime:0.0010s ]
INFO: [ view_parse ] --START--
INFO: [ template_filter ] --START--
INFO: Run Behavior\ContentReplaceBehavior [ RunTime:0.000000s ]
INFO: [ template_filter ] --END-- [ RunTime:0.000000s ]
INFO: Run Behavior\ParseTemplateBehavior [ RunTime:0.009001s ]
INFO: [ view_parse ] --END-- [ RunTime:0.009001s ]
INFO: [ view_filter ] --START--
INFO: Run Behavior\WriteHtmlCacheBehavior [ RunTime:0.001000s ]
INFO: [ view_filter ] --END-- [ RunTime:0.001000s ]
INFO: [ app_end ] --START--
INFO: Run Behavior\ShowPageTraceBehavior [ RunTime:0.001000s ]
INFO: [ app_end ] --END-- [ RunTime:0.001000s ]

[ 2016-11-02T13:50:54+08:00 ] 127.0.0.1 /
INFO: [ app_init ] --START--
INFO: Run Behavior\BuildLiteBehavior [ RunTime:0.000000s ]
INFO: [ app_init ] --END-- [ RunTime:0.000000s ]
INFO: [ app_begin ] --START--
INFO: Run Behavior\ReadHtmlCacheBehavior [ RunTime:0.000000s ]
INFO: [ app_begin ] --END-- [ RunTime:0.000000s ]
SQL: SHOW COLUMNS FROM `hyclub` [ RunTime:0.0080s ]
SQL: select HyNumber,StockLockedMoney,StockBurse,hylevel1,HyName,chijiang1,  (ALeftPoints+AUsedPoints) as aall, (BLeftPoints+BUsedPoints) as ball,chijiang2, HyJoinInvest1,ALeftPersonNums,bLeftPersonNums,iswuliu,BUsedPoints,hytjnumber,CUsedPoints,ALeftPoints,bLeftPoints,AUsedPoints,baodanfei,StockLockedMoney,StockNum ,aixinjijin,chijiang3, ApprovedTime,chongxiao,ewallet3,HyJoinInvest,qixian,lastqixian,fenhong,zongjiangjin,chijiang2,ewallet3, eWallet1,hylevel2,eWallet2,HyNumber from HyClub  where  id = 7 [ RunTime:0.0000s ]
SQL: SHOW COLUMNS FROM `notice` [ RunTime:0.0050s ]
SQL: SELECT * FROM `notice`  [ RunTime:0.0000s ]
INFO: [ view_parse ] --START--
INFO: [ template_filter ] --START--
INFO: Run Behavior\ContentReplaceBehavior [ RunTime:0.000000s ]
INFO: [ template_filter ] --END-- [ RunTime:0.000000s ]
INFO: Run Behavior\ParseTemplateBehavior [ RunTime:0.008000s ]
INFO: [ view_parse ] --END-- [ RunTime:0.008000s ]
INFO: [ view_filter ] --START--
INFO: Run Behavior\WriteHtmlCacheBehavior [ RunTime:0.000000s ]
INFO: [ view_filter ] --END-- [ RunTime:0.000000s ]
INFO: [ app_end ] --START--
INFO: Run Behavior\ShowPageTraceBehavior [ RunTime:0.000000s ]
INFO: [ app_end ] --END-- [ RunTime:0.000000s ]

[ 2016-11-02T13:53:37+08:00 ] 127.0.0.1 /index.php/Home/Index/info?nid=120
INFO: [ app_init ] --START--
INFO: Run Behavior\BuildLiteBehavior [ RunTime:0.000000s ]
INFO: [ app_init ] --END-- [ RunTime:0.000000s ]
INFO: [ app_begin ] --START--
INFO: Run Behavior\ReadHtmlCacheBehavior [ RunTime:0.002000s ]
INFO: [ app_begin ] --END-- [ RunTime:0.002000s ]

[ 2016-11-02T13:53:46+08:00 ] 127.0.0.1 /index.php/Home/Index/info?nid=120
INFO: [ app_init ] --START--
INFO: Run Behavior\BuildLiteBehavior [ RunTime:0.000000s ]
INFO: [ app_init ] --END-- [ RunTime:0.000000s ]
INFO: [ app_begin ] --START--
INFO: Run Behavior\ReadHtmlCacheBehavior [ RunTime:0.001000s ]
INFO: [ app_begin ] --END-- [ RunTime:0.001000s ]

[ 2016-11-02T13:54:24+08:00 ] 127.0.0.1 /index.php/Home/Index/info?nid=120
INFO: [ app_init ] --START--
INFO: Run Behavior\BuildLiteBehavior [ RunTime:0.000000s ]
INFO: [ app_init ] --END-- [ RunTime:0.000000s ]
INFO: [ app_begin ] --START--
INFO: Run Behavior\ReadHtmlCacheBehavior [ RunTime:0.000000s ]
INFO: [ app_begin ] --END-- [ RunTime:0.000000s ]

[ 2016-11-02T13:54:39+08:00 ] 127.0.0.1 /index.php/Home/Index/info?nid=120
INFO: [ app_init ] --START--
INFO: Run Behavior\BuildLiteBehavior [ RunTime:0.000000s ]
INFO: [ app_init ] --END-- [ RunTime:0.000000s ]
INFO: [ app_begin ] --START--
INFO: Run Behavior\ReadHtmlCacheBehavior [ RunTime:0.000000s ]
INFO: [ app_begin ] --END-- [ RunTime:0.000000s ]
ERR: 非法操作:info

[ 2016-11-02T13:54:53+08:00 ] 127.0.0.1 /index.php/Home/Index/info?nid=120
INFO: [ app_init ] --START--
INFO: Run Behavior\BuildLiteBehavior [ RunTime:0.000000s ]
INFO: [ app_init ] --END-- [ RunTime:0.000000s ]
INFO: [ app_begin ] --START--
INFO: Run Behavior\ReadHtmlCacheBehavior [ RunTime:0.000000s ]
INFO: [ app_begin ] --END-- [ RunTime:0.000000s ]
ERR: 非法操作:info

[ 2016-11-02T13:55:22+08:00 ] 127.0.0.1 /index.php/Home/Index/info?nid=120
INFO: [ app_init ] --START--
INFO: Run Behavior\BuildLiteBehavior [ RunTime:0.000000s ]
INFO: [ app_init ] --END-- [ RunTime:0.000000s ]
INFO: [ app_begin ] --START--
INFO: Run Behavior\ReadHtmlCacheBehavior [ RunTime:0.001000s ]
INFO: [ app_begin ] --END-- [ RunTime:0.001000s ]
ERR: 非法操作:info

[ 2016-11-02T13:55:40+08:00 ] 127.0.0.1 /index.php/Home/Index/info?nid=120
INFO: [ app_init ] --START--
INFO: Run Behavior\BuildLiteBehavior [ RunTime:0.000000s ]
INFO: [ app_init ] --END-- [ RunTime:0.000000s ]
INFO: [ app_begin ] --START--
INFO: Run Behavior\ReadHtmlCacheBehavior [ RunTime:0.000000s ]
INFO: [ app_begin ] --END-- [ RunTime:0.000000s ]
ERR: 非法操作:info

[ 2016-11-02T13:56:09+08:00 ] 127.0.0.1 /
INFO: [ app_init ] --START--
INFO: Run Behavior\BuildLiteBehavior [ RunTime:0.000000s ]
INFO: [ app_init ] --END-- [ RunTime:0.001000s ]
INFO: [ app_begin ] --START--
INFO: Run Behavior\ReadHtmlCacheBehavior [ RunTime:0.001000s ]
INFO: [ app_begin ] --END-- [ RunTime:0.001000s ]
SQL: SHOW COLUMNS FROM `hyclub` [ RunTime:0.0110s ]
SQL: select HyNumber,StockLockedMoney,StockBurse,hylevel1,HyName,chijiang1,  (ALeftPoints+AUsedPoints) as aall, (BLeftPoints+BUsedPoints) as ball,chijiang2, HyJoinInvest1,ALeftPersonNums,bLeftPersonNums,iswuliu,BUsedPoints,hytjnumber,CUsedPoints,ALeftPoints,bLeftPoints,AUsedPoints,baodanfei,StockLockedMoney,StockNum ,aixinjijin,chijiang3, ApprovedTime,chongxiao,ewallet3,HyJoinInvest,qixian,lastqixian,fenhong,zongjiangjin,chijiang2,ewallet3, eWallet1,hylevel2,eWallet2,HyNumber from HyClub  where  id = 7 [ RunTime:0.0010s ]
SQL: SHOW COLUMNS FROM `notice` [ RunTime:0.0080s ]
SQL: SELECT * FROM `notice`  [ RunTime:0.0000s ]
INFO: [ view_parse ] --START--
INFO: [ template_filter ] --START--
INFO: Run Behavior\ContentReplaceBehavior [ RunTime:0.000000s ]
INFO: [ template_filter ] --END-- [ RunTime:0.000000s ]
INFO: Run Behavior\ParseTemplateBehavior [ RunTime:0.013001s ]
INFO: [ view_parse ] --END-- [ RunTime:0.013001s ]
INFO: [ view_filter ] --START--
INFO: Run Behavior\WriteHtmlCacheBehavior [ RunTime:0.000000s ]
INFO: [ view_filter ] --END-- [ RunTime:0.000000s ]
INFO: [ app_end ] --START--
INFO: Run Behavior\ShowPageTraceBehavior [ RunTime:0.001000s ]
INFO: [ app_end ] --END-- [ RunTime:0.001000s ]

[ 2016-11-02T13:56:12+08:00 ] 127.0.0.1 /index.php/Home/Index/index_info?nid=120
INFO: [ app_init ] --START--
INFO: Run Behavior\BuildLiteBehavior [ RunTime:0.000000s ]
INFO: [ app_init ] --END-- [ RunTime:0.000000s ]
INFO: [ app_begin ] --START--
INFO: Run Behavior\ReadHtmlCacheBehavior [ RunTime:0.001000s ]
INFO: [ app_begin ] --END-- [ RunTime:0.001000s ]
SQL: SHOW COLUMNS FROM `hyclub` [ RunTime:0.0070s ]
SQL: select HyNumber,StockLockedMoney,StockBurse,hylevel1,HyName,chijiang1,  (ALeftPoints+AUsedPoints) as aall, (BLeftPoints+BUsedPoints) as ball,chijiang2, HyJoinInvest1,ALeftPersonNums,bLeftPersonNums,iswuliu,BUsedPoints,hytjnumber,CUsedPoints,ALeftPoints,bLeftPoints,AUsedPoints,baodanfei,StockLockedMoney,StockNum ,aixinjijin,chijiang3, ApprovedTime,chongxiao,ewallet3,HyJoinInvest,qixian,lastqixian,fenhong,zongjiangjin,chijiang2,ewallet3, eWallet1,hylevel2,eWallet2,HyNumber from HyClub  where  id = 7 [ RunTime:0.0000s ]
SQL: SHOW COLUMNS FROM `notice` [ RunTime:0.0060s ]
SQL: SELECT * FROM `notice` WHERE ( nid=120 ) LIMIT 1   [ RunTime:0.0010s ]

[ 2016-11-02T13:59:46+08:00 ] 127.0.0.1 /index.php/Home/Index/index_info?nid=120
INFO: [ app_init ] --START--
INFO: Run Behavior\BuildLiteBehavior [ RunTime:0.000000s ]
INFO: [ app_init ] --END-- [ RunTime:0.001000s ]
INFO: [ app_begin ] --START--
INFO: Run Behavior\ReadHtmlCacheBehavior [ RunTime:0.001001s ]
INFO: [ app_begin ] --END-- [ RunTime:0.002001s ]
SQL: SHOW COLUMNS FROM `hyclub` [ RunTime:0.0080s ]
SQL: select HyNumber,StockLockedMoney,StockBurse,hylevel1,HyName,chijiang1,  (ALeftPoints+AUsedPoints) as aall, (BLeftPoints+BUsedPoints) as ball,chijiang2, HyJoinInvest1,ALeftPersonNums,bLeftPersonNums,iswuliu,BUsedPoints,hytjnumber,CUsedPoints,ALeftPoints,bLeftPoints,AUsedPoints,baodanfei,StockLockedMoney,StockNum ,aixinjijin,chijiang3, ApprovedTime,chongxiao,ewallet3,HyJoinInvest,qixian,lastqixian,fenhong,zongjiangjin,chijiang2,ewallet3, eWallet1,hylevel2,eWallet2,HyNumber from HyClub  where  id = 7 [ RunTime:0.0000s ]
SQL: SHOW COLUMNS FROM `notice` [ RunTime:0.0050s ]
SQL: SELECT * FROM `notice` WHERE `nid` = 120 LIMIT 1   [ RunTime:0.0010s ]
INFO: [ view_parse ] --START--
INFO: [ template_filter ] --START--
INFO: Run Behavior\ContentReplaceBehavior [ RunTime:0.000000s ]
INFO: [ template_filter ] --END-- [ RunTime:0.000000s ]
NOTIC: [8] Undefined index: date F:\wuoa\App\Runtime\Cache\Home\f93344bc304ce77469c04c357205b49b.php 第 175 行.
INFO: Run Behavior\ParseTemplateBehavior [ RunTime:0.016001s ]
INFO: [ view_parse ] --END-- [ RunTime:0.016001s ]
INFO: [ view_filter ] --START--
INFO: Run Behavior\WriteHtmlCacheBehavior [ RunTime:0.001000s ]
INFO: [ view_filter ] --END-- [ RunTime:0.001000s ]
INFO: [ app_end ] --START--
INFO: Run Behavior\ShowPageTraceBehavior [ RunTime:0.000000s ]
INFO: [ app_end ] --END-- [ RunTime:0.000000s ]

[ 2016-11-02T14:00:04+08:00 ] 127.0.0.1 /index.php/Home/Index/index_info?nid=123
INFO: [ app_init ] --START--
INFO: Run Behavior\BuildLiteBehavior [ RunTime:0.000000s ]
INFO: [ app_init ] --END-- [ RunTime:0.000000s ]
INFO: [ app_begin ] --START--
INFO: Run Behavior\ReadHtmlCacheBehavior [ RunTime:0.001000s ]
INFO: [ app_begin ] --END-- [ RunTime:0.001000s ]
SQL: SHOW COLUMNS FROM `hyclub` [ RunTime:0.0090s ]
SQL: select HyNumber,StockLockedMoney,StockBurse,hylevel1,HyName,chijiang1,  (ALeftPoints+AUsedPoints) as aall, (BLeftPoints+BUsedPoints) as ball,chijiang2, HyJoinInvest1,ALeftPersonNums,bLeftPersonNums,iswuliu,BUsedPoints,hytjnumber,CUsedPoints,ALeftPoints,bLeftPoints,AUsedPoints,baodanfei,StockLockedMoney,StockNum ,aixinjijin,chijiang3, ApprovedTime,chongxiao,ewallet3,HyJoinInvest,qixian,lastqixian,fenhong,zongjiangjin,chijiang2,ewallet3, eWallet1,hylevel2,eWallet2,HyNumber from HyClub  where  id = 7 [ RunTime:0.0010s ]
SQL: SHOW COLUMNS FROM `notice` [ RunTime:0.0060s ]
SQL: SELECT * FROM `notice` WHERE `nid` = 123 LIMIT 1   [ RunTime:0.0010s ]
INFO: [ view_parse ] --START--
INFO: [ template_filter ] --START--
INFO: Run Behavior\ContentReplaceBehavior [ RunTime:0.000000s ]
INFO: [ template_filter ] --END-- [ RunTime:0.000000s ]
NOTIC: [8] Undefined index: date F:\wuoa\App\Runtime\Cache\Home\f93344bc304ce77469c04c357205b49b.php 第 175 行.
INFO: Run Behavior\ParseTemplateBehavior [ RunTime:0.010000s ]
INFO: [ view_parse ] --END-- [ RunTime:0.010000s ]
INFO: [ view_filter ] --START--
INFO: Run Behavior\WriteHtmlCacheBehavior [ RunTime:0.000000s ]
INFO: [ view_filter ] --END-- [ RunTime:0.000000s ]
INFO: [ app_end ] --START--
INFO: Run Behavior\ShowPageTraceBehavior [ RunTime:0.001000s ]
INFO: [ app_end ] --END-- [ RunTime:0.001000s ]

[ 2016-11-02T14:00:33+08:00 ] 127.0.0.1 /index.php/Home/Index/index_info?nid=130
INFO: [ app_init ] --START--
INFO: Run Behavior\BuildLiteBehavior [ RunTime:0.000000s ]
INFO: [ app_init ] --END-- [ RunTime:0.000000s ]
INFO: [ app_begin ] --START--
INFO: Run Behavior\ReadHtmlCacheBehavior [ RunTime:0.000000s ]
INFO: [ app_begin ] --END-- [ RunTime:0.000000s ]
SQL: SHOW COLUMNS FROM `hyclub` [ RunTime:0.0130s ]
SQL: select HyNumber,StockLockedMoney,StockBurse,hylevel1,HyName,chijiang1,  (ALeftPoints+AUsedPoints) as aall, (BLeftPoints+BUsedPoints) as ball,chijiang2, HyJoinInvest1,ALeftPersonNums,bLeftPersonNums,iswuliu,BUsedPoints,hytjnumber,CUsedPoints,ALeftPoints,bLeftPoints,AUsedPoints,baodanfei,StockLockedMoney,StockNum ,aixinjijin,chijiang3, ApprovedTime,chongxiao,ewallet3,HyJoinInvest,qixian,lastqixian,fenhong,zongjiangjin,chijiang2,ewallet3, eWallet1,hylevel2,eWallet2,HyNumber from HyClub  where  id = 7 [ RunTime:0.0020s ]
SQL: SHOW COLUMNS FROM `notice` [ RunTime:0.0120s ]
SQL: SELECT * FROM `notice` WHERE `nid` = 130 LIMIT 1   [ RunTime:0.0010s ]
INFO: [ view_parse ] --START--
INFO: [ template_filter ] --START--
INFO: Run Behavior\ContentReplaceBehavior [ RunTime:0.000000s ]
INFO: [ template_filter ] --END-- [ RunTime:0.000000s ]
INFO: Run Behavior\ParseTemplateBehavior [ RunTime:0.009001s ]
INFO: [ view_parse ] --END-- [ RunTime:0.009001s ]
INFO: [ view_filter ] --START--
INFO: Run Behavior\WriteHtmlCacheBehavior [ RunTime:0.000000s ]
INFO: [ view_filter ] --END-- [ RunTime:0.000000s ]
INFO: [ app_end ] --START--
INFO: Run Behavior\ShowPageTraceBehavior [ RunTime:0.001000s ]
INFO: [ app_end ] --END-- [ RunTime:0.001000s ]

[ 2016-11-02T14:00:43+08:00 ] 127.0.0.1 /index.php/Home/Index/index_info?nid=136
INFO: [ app_init ] --START--
INFO: Run Behavior\BuildLiteBehavior [ RunTime:0.000000s ]
INFO: [ app_init ] --END-- [ RunTime:0.015600s ]
INFO: [ app_begin ] --START--
INFO: Run Behavior\ReadHtmlCacheBehavior [ RunTime:0.001000s ]
INFO: [ app_begin ] --END-- [ RunTime:0.001000s ]
SQL: SHOW COLUMNS FROM `hyclub` [ RunTime:0.0080s ]
SQL: select HyNumber,StockLockedMoney,StockBurse,hylevel1,HyName,chijiang1,  (ALeftPoints+AUsedPoints) as aall, (BLeftPoints+BUsedPoints) as ball,chijiang2, HyJoinInvest1,ALeftPersonNums,bLeftPersonNums,iswuliu,BUsedPoints,hytjnumber,CUsedPoints,ALeftPoints,bLeftPoints,AUsedPoints,baodanfei,StockLockedMoney,StockNum ,aixinjijin,chijiang3, ApprovedTime,chongxiao,ewallet3,HyJoinInvest,qixian,lastqixian,fenhong,zongjiangjin,chijiang2,ewallet3, eWallet1,hylevel2,eWallet2,HyNumber from HyClub  where  id = 7 [ RunTime:0.0010s ]
SQL: SHOW COLUMNS FROM `notice` [ RunTime:0.0050s ]
SQL: SELECT * FROM `notice` WHERE `nid` = 136 LIMIT 1   [ RunTime:0.0000s ]
INFO: [ view_parse ] --START--
INFO: [ template_filter ] --START--
INFO: Run Behavior\ContentReplaceBehavior [ RunTime:0.000000s ]
INFO: [ template_filter ] --END-- [ RunTime:0.000000s ]
INFO: Run Behavior\ParseTemplateBehavior [ RunTime:0.007000s ]
INFO: [ view_parse ] --END-- [ RunTime:0.007000s ]
INFO: [ view_filter ] --START--
INFO: Run Behavior\WriteHtmlCacheBehavior [ RunTime:0.001000s ]
INFO: [ view_filter ] --END-- [ RunTime:0.001000s ]
INFO: [ app_end ] --START--
INFO: Run Behavior\ShowPageTraceBehavior [ RunTime:0.000000s ]
INFO: [ app_end ] --END-- [ RunTime:0.000000s ]

[ 2016-11-02T14:00:45+08:00 ] 127.0.0.1 /index.php/Home/Index/index_info?nid=136
INFO: [ app_init ] --START--
INFO: Run Behavior\BuildLiteBehavior [ RunTime:0.000000s ]
INFO: [ app_init ] --END-- [ RunTime:0.001000s ]
INFO: [ app_begin ] --START--
INFO: Run Behavior\ReadHtmlCacheBehavior [ RunTime:0.001000s ]
INFO: [ app_begin ] --END-- [ RunTime:0.001000s ]
SQL: SHOW COLUMNS FROM `hyclub` [ RunTime:0.0160s ]
SQL: select HyNumber,StockLockedMoney,StockBurse,hylevel1,HyName,chijiang1,  (ALeftPoints+AUsedPoints) as aall, (BLeftPoints+BUsedPoints) as ball,chijiang2, HyJoinInvest1,ALeftPersonNums,bLeftPersonNums,iswuliu,BUsedPoints,hytjnumber,CUsedPoints,ALeftPoints,bLeftPoints,AUsedPoints,baodanfei,StockLockedMoney,StockNum ,aixinjijin,chijiang3, ApprovedTime,chongxiao,ewallet3,HyJoinInvest,qixian,lastqixian,fenhong,zongjiangjin,chijiang2,ewallet3, eWallet1,hylevel2,eWallet2,HyNumber from HyClub  where  id = 7 [ RunTime:0.0010s ]
SQL: SHOW COLUMNS FROM `notice` [ RunTime:0.0080s ]
SQL: SELECT * FROM `notice` WHERE `nid` = 136 LIMIT 1   [ RunTime:0.0000s ]
INFO: [ view_parse ] --START--
INFO: [ template_filter ] --START--
INFO: Run Behavior\ContentReplaceBehavior [ RunTime:0.000000s ]
INFO: [ template_filter ] --END-- [ RunTime:0.001000s ]
INFO: Run Behavior\ParseTemplateBehavior [ RunTime:0.012001s ]
INFO: [ view_parse ] --END-- [ RunTime:0.012001s ]
INFO: [ view_filter ] --START--
INFO: Run Behavior\WriteHtmlCacheBehavior [ RunTime:0.000000s ]
INFO: [ view_filter ] --END-- [ RunTime:0.000000s ]
INFO: [ app_end ] --START--
INFO: Run Behavior\ShowPageTraceBehavior [ RunTime:0.001000s ]
INFO: [ app_end ] --END-- [ RunTime:0.001000s ]

[ 2016-11-02T14:00:47+08:00 ] 127.0.0.1 /index.php/Home/Index/index_info?nid=136
INFO: [ app_init ] --START--
INFO: Run Behavior\BuildLiteBehavior [ RunTime:0.000000s ]
INFO: [ app_init ] --END-- [ RunTime:0.000000s ]
INFO: [ app_begin ] --START--
INFO: Run Behavior\ReadHtmlCacheBehavior [ RunTime:0.000000s ]
INFO: [ app_begin ] --END-- [ RunTime:0.001000s ]
SQL: SHOW COLUMNS FROM `hyclub` [ RunTime:0.0070s ]
SQL: select HyNumber,StockLockedMoney,StockBurse,hylevel1,HyName,chijiang1,  (ALeftPoints+AUsedPoints) as aall, (BLeftPoints+BUsedPoints) as ball,chijiang2, HyJoinInvest1,ALeftPersonNums,bLeftPersonNums,iswuliu,BUsedPoints,hytjnumber,CUsedPoints,ALeftPoints,bLeftPoints,AUsedPoints,baodanfei,StockLockedMoney,StockNum ,aixinjijin,chijiang3, ApprovedTime,chongxiao,ewallet3,HyJoinInvest,qixian,lastqixian,fenhong,zongjiangjin,chijiang2,ewallet3, eWallet1,hylevel2,eWallet2,HyNumber from HyClub  where  id = 7 [ RunTime:0.0010s ]
SQL: SHOW COLUMNS FROM `notice` [ RunTime:0.0060s ]
SQL: SELECT * FROM `notice` WHERE `nid` = 136 LIMIT 1   [ RunTime:0.0000s ]
INFO: [ view_parse ] --START--
INFO: [ template_filter ] --START--
INFO: Run Behavior\ContentReplaceBehavior [ RunTime:0.000000s ]
INFO: [ template_filter ] --END-- [ RunTime:0.000000s ]
INFO: Run Behavior\ParseTemplateBehavior [ RunTime:0.007001s ]
INFO: [ view_parse ] --END-- [ RunTime:0.008001s ]
INFO: [ view_filter ] --START--
INFO: Run Behavior\WriteHtmlCacheBehavior [ RunTime:0.000000s ]
INFO: [ view_filter ] --END-- [ RunTime:0.000000s ]
INFO: [ app_end ] --START--
INFO: Run Behavior\ShowPageTraceBehavior [ RunTime:0.001000s ]
INFO: [ app_end ] --END-- [ RunTime:0.001000s ]

